c:\users\brian\projects\artemis\msvc\library\x64\debug\library.pdb
c:\users\brian\projects\artemis\msvc\library\x64\debug\library.idb
c:\users\brian\projects\artemis\msvc\library\x64\debug\acolor.obj
c:\users\brian\projects\artemis\msvc\library\x64\debug\aconsole.obj
c:\users\brian\projects\artemis\msvc\library\x64\debug\acube.obj
c:\users\brian\projects\artemis\msvc\library\x64\debug\acursor.obj
c:\users\brian\projects\artemis\msvc\library\x64\debug\aevent.obj
c:\users\brian\projects\artemis\msvc\library\x64\debug\agraph.obj
c:\users\brian\projects\artemis\msvc\library\x64\debug\alight.obj
c:\users\brian\projects\artemis\msvc\library\x64\debug\amesh.obj
c:\users\brian\projects\artemis\msvc\library\x64\debug\amodel.obj
c:\users\brian\projects\artemis\msvc\library\x64\debug\amouse.obj
c:\users\brian\projects\artemis\msvc\library\x64\debug\aobject.obj
c:\users\brian\projects\artemis\msvc\library\x64\debug\apanel.obj
c:\users\brian\projects\artemis\msvc\library\x64\debug\aplanet.obj
c:\users\brian\projects\artemis\msvc\library\x64\debug\askybox.obj
c:\users\brian\projects\artemis\msvc\library\x64\debug\asoundboard.obj
c:\users\brian\projects\artemis\msvc\library\x64\debug\astopwatch.obj
c:\users\brian\projects\artemis\msvc\library\x64\debug\atexture.obj
c:\users\brian\projects\artemis\msvc\library\x64\debug\aapp.obj
c:\users\brian\projects\artemis\msvc\library\x64\debug\abutton.obj
c:\users\brian\projects\artemis\msvc\library\x64\debug\library.tlog\cl.command.1.tlog
c:\users\brian\projects\artemis\msvc\library\x64\debug\library.tlog\cl.read.1.tlog
c:\users\brian\projects\artemis\msvc\library\x64\debug\library.tlog\cl.write.1.tlog
